<?xml version="1.0" encoding="UTF-8"?>
<TestRun id="d2e0be73-3a41-415a-974f-a62b26ae80b0" name="kevin.moormann@KMOORMANNHOU7 2012-03-29 23:42:43" runUser="PARIVEDA\kevin.moormann" xmlns="http://microsoft.com/schemas/VisualStudio/TeamTest/2010">
  <TestSettings name="Local" id="0cbdb401-3a29-44c0-80d9-02507ba272b6">
    <Description>These are default test settings for a local test run.</Description>
    <Deployment enabled="false" runDeploymentRoot="kevin.moormann_KMOORMANNHOU7 2012-03-29 23_42_43">
      <DeploymentItem filename="C:\Source\HDNMeetup\FinaryChop\bin\Debug\FinaryChop.dll" />
    </Deployment>
    <Execution>
      <TestTypeSpecific />
      <AgentRule name="Execution Agents">
      </AgentRule>
    </Execution>
  </TestSettings>
  <Times creation="2012-03-29T23:42:43.7634563-05:00" queuing="2012-03-29T23:42:43.8134591-05:00" start="2012-03-29T23:42:43.8274599-05:00" finish="2012-03-29T23:42:44.0704738-05:00" />
  <ResultSummary outcome="Failed">
    <Counters total="1" executed="1" error="0" failed="1" timeout="0" aborted="0" inconclusive="0" passedButRunAborted="0" notRunnable="0" notExecuted="0" disconnected="0" warning="0" passed="0" completed="0" inProgress="0" pending="0" />
  </ResultSummary>
  <TestDefinitions>
    <UnitTest name="SingleElementArrayFoundTest" storage="c:\source\hdnmeetup\finarychop.test\bin\debug\finarychop.test.dll" id="82ddeb6f-8a18-f26c-4aaa-76a86ba23e63">
      <Execution id="21693815-e1b6-4d57-9dc6-369cbf3bed45" />
      <TestMethod codeBase="C:/Source/HDNMeetup/FinaryChop.Test/bin/Debug/FinaryChop.Test.DLL" adapterTypeName="Microsoft.VisualStudio.TestTools.TestTypes.Unit.UnitTestAdapter, Microsoft.VisualStudio.QualityTools.Tips.UnitTest.Adapter, Version=10.0.0.0, Culture=neutral, PublicKeyToken=b03f5f7f11d50a3a" className="FinaryChop.Test.FinaryChopTestClass, FinaryChop.Test, Version=1.0.0.0, Culture=neutral, PublicKeyToken=null" name="SingleElementArrayFoundTest" />
    </UnitTest>
  </TestDefinitions>
  <TestLists>
    <TestList name="Results Not in a List" id="8c84fa94-04c1-424b-9868-57a2d4851a1d" />
    <TestList name="All Loaded Results" id="19431567-8539-422a-85d7-44ee4e166bda" />
  </TestLists>
  <TestEntries>
    <TestEntry testId="82ddeb6f-8a18-f26c-4aaa-76a86ba23e63" executionId="21693815-e1b6-4d57-9dc6-369cbf3bed45" testListId="8c84fa94-04c1-424b-9868-57a2d4851a1d" />
  </TestEntries>
  <Results>
    <UnitTestResult executionId="21693815-e1b6-4d57-9dc6-369cbf3bed45" testId="82ddeb6f-8a18-f26c-4aaa-76a86ba23e63" testName="SingleElementArrayFoundTest" computerName="KMOORMANNHOU7" duration="00:00:00.0298240" startTime="2012-03-29T23:42:43.8454610-05:00" endTime="2012-03-29T23:42:44.0544729-05:00" testType="13cdc9d9-ddb5-4fa4-a97d-d965ccfc6d4b" outcome="Failed" testListId="8c84fa94-04c1-424b-9868-57a2d4851a1d" relativeResultsDirectory="21693815-e1b6-4d57-9dc6-369cbf3bed45">
      <Output>
        <ErrorInfo>
          <Message>Assert.AreEqual failed. Expected:&lt;0&gt;. Actual:&lt;-2&gt;. </Message>
          <StackTrace>   at FinaryChop.Test.FinaryChopTestClass.SingleElementArrayFoundTest() in C:\Source\HDNMeetup\FinaryChop.Test\UnitTest1.cs:line 44
</StackTrace>
        </ErrorInfo>
      </Output>
    </UnitTestResult>
  </Results>
</TestRun>