<?xml version="1.0" encoding="UTF-8"?>
<TestRun id="e7e393fb-76ed-426f-ab29-4fa3c0939705" name="kevin.moormann@KMOORMANNHOU7 2012-03-30 00:35:21" runUser="PARIVEDA\kevin.moormann" xmlns="http://microsoft.com/schemas/VisualStudio/TeamTest/2010">
  <TestSettings name="Local" id="0cbdb401-3a29-44c0-80d9-02507ba272b6">
    <Description>These are default test settings for a local test run.</Description>
    <Deployment enabled="false" runDeploymentRoot="kevin.moormann_KMOORMANNHOU7 2012-03-30 00_35_21">
      <DeploymentItem filename="C:\Source\HDNMeetup\FinaryChop\bin\Debug\FinaryChop.dll" />
    </Deployment>
    <Execution>
      <TestTypeSpecific />
      <AgentRule name="Execution Agents">
      </AgentRule>
    </Execution>
  </TestSettings>
  <Times creation="2012-03-30T00:35:21.8230870-05:00" queuing="2012-03-30T00:35:21.9220926-05:00" start="2012-03-30T00:35:21.9400936-05:00" finish="2012-03-30T00:36:00.9363241-05:00" />
  <ResultSummary outcome="Failed">
    <Counters total="12" executed="10" error="0" failed="3" timeout="0" aborted="1" inconclusive="0" passedButRunAborted="6" notRunnable="0" notExecuted="2" disconnected="0" warning="0" passed="0" completed="0" inProgress="0" pending="0" />
  </ResultSummary>
  <TestDefinitions>
    <UnitTest name="FindsRightMostElementTest" storage="c:\source\hdnmeetup\binarychop.test\bin\debug\binarychop.test.dll" id="463d26a1-d7d9-5910-dd71-a3fce743547a">
      <Execution id="af99d1aa-dda9-45f7-9f1a-bde91e44061b" />
      <TestMethod codeBase="C:/Source/HDNMeetup/BinaryChop.Test/bin/Debug/BinaryChop.Test.DLL" adapterTypeName="Microsoft.VisualStudio.TestTools.TestTypes.Unit.UnitTestAdapter, Microsoft.VisualStudio.QualityTools.Tips.UnitTest.Adapter, Version=10.0.0.0, Culture=neutral, PublicKeyToken=b03f5f7f11d50a3a" className="BinaryChop.Test.BinaryChopTest, BinaryChop.Test, Version=1.0.0.0, Culture=neutral, PublicKeyToken=null" name="FindsRightMostElementTest" />
    </UnitTest>
    <UnitTest name="FindsAnyElementPosition" storage="c:\source\hdnmeetup\finarychop.test\bin\debug\finarychop.test.dll" id="13ec70ca-0ee4-9291-bb50-cf5c55fec433">
      <Execution id="2532f023-b4be-4917-a7b4-6cbff9809797" />
      <TestMethod codeBase="C:/Source/HDNMeetup/FinaryChop.Test/bin/Debug/FinaryChop.Test.DLL" adapterTypeName="Microsoft.VisualStudio.TestTools.TestTypes.Unit.UnitTestAdapter, Microsoft.VisualStudio.QualityTools.Tips.UnitTest.Adapter, Version=10.0.0.0, Culture=neutral, PublicKeyToken=b03f5f7f11d50a3a" className="FinaryChop.Test.FinaryChopTestClass, FinaryChop.Test, Version=1.0.0.0, Culture=neutral, PublicKeyToken=null" name="FindsAnyElementPosition" />
    </UnitTest>
    <UnitTest name="FindsAnyElementPosition" storage="c:\source\hdnmeetup\binarychop.test\bin\debug\binarychop.test.dll" id="32da3871-5f01-607a-0c6d-7b7ad5ba2961">
      <Execution id="c8942d45-022b-4219-ada8-b62fd49cebf8" />
      <TestMethod codeBase="C:/Source/HDNMeetup/BinaryChop.Test/bin/Debug/BinaryChop.Test.DLL" adapterTypeName="Microsoft.VisualStudio.TestTools.TestTypes.Unit.UnitTestAdapter, Microsoft.VisualStudio.QualityTools.Tips.UnitTest.Adapter, Version=10.0.0.0, Culture=neutral, PublicKeyToken=b03f5f7f11d50a3a" className="BinaryChop.Test.BinaryChopTest, BinaryChop.Test, Version=1.0.0.0, Culture=neutral, PublicKeyToken=null" name="FindsAnyElementPosition" />
    </UnitTest>
    <UnitTest name="HandlesEmptyArrayTest" storage="c:\source\hdnmeetup\finarychop.test\bin\debug\finarychop.test.dll" id="4848fdc1-d58d-0457-488b-be43bbc68c67">
      <Execution id="c14fe191-f575-4e61-8a12-f1199fabc823" />
      <TestMethod codeBase="C:/Source/HDNMeetup/FinaryChop.Test/bin/Debug/FinaryChop.Test.DLL" adapterTypeName="Microsoft.VisualStudio.TestTools.TestTypes.Unit.UnitTestAdapter, Microsoft.VisualStudio.QualityTools.Tips.UnitTest.Adapter, Version=10.0.0.0, Culture=neutral, PublicKeyToken=b03f5f7f11d50a3a" className="FinaryChop.Test.FinaryChopTestClass, FinaryChop.Test, Version=1.0.0.0, Culture=neutral, PublicKeyToken=null" name="HandlesEmptyArrayTest" />
    </UnitTest>
    <UnitTest name="FindsLeftMostElementTest" storage="c:\source\hdnmeetup\finarychop.test\bin\debug\finarychop.test.dll" id="f109d7fe-3fbc-460e-9222-6132df15558e">
      <Execution id="7217a687-d748-483f-875d-c2cc5715b4a6" />
      <TestMethod codeBase="C:/Source/HDNMeetup/FinaryChop.Test/bin/Debug/FinaryChop.Test.DLL" adapterTypeName="Microsoft.VisualStudio.TestTools.TestTypes.Unit.UnitTestAdapter, Microsoft.VisualStudio.QualityTools.Tips.UnitTest.Adapter, Version=10.0.0.0, Culture=neutral, PublicKeyToken=b03f5f7f11d50a3a" className="FinaryChop.Test.FinaryChopTestClass, FinaryChop.Test, Version=1.0.0.0, Culture=neutral, PublicKeyToken=null" name="FindsLeftMostElementTest" />
    </UnitTest>
    <UnitTest name="SingleElementArrayNotFoundTest" storage="c:\source\hdnmeetup\finarychop.test\bin\debug\finarychop.test.dll" id="0316ad53-79e3-8d1b-d52c-a7ec0eb05f7a">
      <Execution id="e3ed412c-562b-4c9d-aaf4-9933e12abd8e" />
      <TestMethod codeBase="C:/Source/HDNMeetup/FinaryChop.Test/bin/Debug/FinaryChop.Test.DLL" adapterTypeName="Microsoft.VisualStudio.TestTools.TestTypes.Unit.UnitTestAdapter, Microsoft.VisualStudio.QualityTools.Tips.UnitTest.Adapter, Version=10.0.0.0, Culture=neutral, PublicKeyToken=b03f5f7f11d50a3a" className="FinaryChop.Test.FinaryChopTestClass, FinaryChop.Test, Version=1.0.0.0, Culture=neutral, PublicKeyToken=null" name="SingleElementArrayNotFoundTest" />
    </UnitTest>
    <UnitTest name="SingleElementArrayFoundTest" storage="c:\source\hdnmeetup\finarychop.test\bin\debug\finarychop.test.dll" id="82ddeb6f-8a18-f26c-4aaa-76a86ba23e63">
      <Execution id="f3dc388b-03f9-41f4-bba5-361cc8d3c86f" />
      <TestMethod codeBase="C:/Source/HDNMeetup/FinaryChop.Test/bin/Debug/FinaryChop.Test.DLL" adapterTypeName="Microsoft.VisualStudio.TestTools.TestTypes.Unit.UnitTestAdapter, Microsoft.VisualStudio.QualityTools.Tips.UnitTest.Adapter, Version=10.0.0.0, Culture=neutral, PublicKeyToken=b03f5f7f11d50a3a" className="FinaryChop.Test.FinaryChopTestClass, FinaryChop.Test, Version=1.0.0.0, Culture=neutral, PublicKeyToken=null" name="SingleElementArrayFoundTest" />
    </UnitTest>
    <UnitTest name="SingleElementArrayNotFoundTest" storage="c:\source\hdnmeetup\binarychop.test\bin\debug\binarychop.test.dll" id="06bb51fc-58c1-91eb-8bb4-8b183b6d1fce">
      <Execution id="38836e4e-b669-46b4-b9c1-d2b5e8599872" />
      <TestMethod codeBase="C:/Source/HDNMeetup/BinaryChop.Test/bin/Debug/BinaryChop.Test.DLL" adapterTypeName="Microsoft.VisualStudio.TestTools.TestTypes.Unit.UnitTestAdapter, Microsoft.VisualStudio.QualityTools.Tips.UnitTest.Adapter, Version=10.0.0.0, Culture=neutral, PublicKeyToken=b03f5f7f11d50a3a" className="BinaryChop.Test.BinaryChopTest, BinaryChop.Test, Version=1.0.0.0, Culture=neutral, PublicKeyToken=null" name="SingleElementArrayNotFoundTest" />
    </UnitTest>
    <UnitTest name="HandlesEmptyArrayTest" storage="c:\source\hdnmeetup\binarychop.test\bin\debug\binarychop.test.dll" id="7028736f-ab32-220d-04c5-5a909c8a84bd">
      <Execution id="6f86bc8f-f302-4804-9463-fccde9b9eab0" />
      <TestMethod codeBase="C:/Source/HDNMeetup/BinaryChop.Test/bin/Debug/BinaryChop.Test.DLL" adapterTypeName="Microsoft.VisualStudio.TestTools.TestTypes.Unit.UnitTestAdapter, Microsoft.VisualStudio.QualityTools.Tips.UnitTest.Adapter, Version=10.0.0.0, Culture=neutral, PublicKeyToken=b03f5f7f11d50a3a" className="BinaryChop.Test.BinaryChopTest, BinaryChop.Test, Version=1.0.0.0, Culture=neutral, PublicKeyToken=null" name="HandlesEmptyArrayTest" />
    </UnitTest>
    <UnitTest name="FindsLeftMostElementTest" storage="c:\source\hdnmeetup\binarychop.test\bin\debug\binarychop.test.dll" id="7d163b4d-4f64-d468-14d8-29b259b35546">
      <Execution id="66d010a2-a10d-41ba-8056-e0d6f077fb63" />
      <TestMethod codeBase="C:/Source/HDNMeetup/BinaryChop.Test/bin/Debug/BinaryChop.Test.DLL" adapterTypeName="Microsoft.VisualStudio.TestTools.TestTypes.Unit.UnitTestAdapter, Microsoft.VisualStudio.QualityTools.Tips.UnitTest.Adapter, Version=10.0.0.0, Culture=neutral, PublicKeyToken=b03f5f7f11d50a3a" className="BinaryChop.Test.BinaryChopTest, BinaryChop.Test, Version=1.0.0.0, Culture=neutral, PublicKeyToken=null" name="FindsLeftMostElementTest" />
    </UnitTest>
    <UnitTest name="FindsRightMostElementTest" storage="c:\source\hdnmeetup\finarychop.test\bin\debug\finarychop.test.dll" id="86562dca-8bd1-8fed-7ea1-d12c151a50bb">
      <Execution id="b318bdb2-dcd8-4c07-b346-50753d21df68" />
      <TestMethod codeBase="C:/Source/HDNMeetup/FinaryChop.Test/bin/Debug/FinaryChop.Test.DLL" adapterTypeName="Microsoft.VisualStudio.TestTools.TestTypes.Unit.UnitTestAdapter, Microsoft.VisualStudio.QualityTools.Tips.UnitTest.Adapter, Version=10.0.0.0, Culture=neutral, PublicKeyToken=b03f5f7f11d50a3a" className="FinaryChop.Test.FinaryChopTestClass, FinaryChop.Test, Version=1.0.0.0, Culture=neutral, PublicKeyToken=null" name="FindsRightMostElementTest" />
    </UnitTest>
    <UnitTest name="SingleElementArrayFoundTest" storage="c:\source\hdnmeetup\binarychop.test\bin\debug\binarychop.test.dll" id="c86d2b9f-1352-9a5b-8d44-0177ec43cf87">
      <Execution id="a3119606-9b25-47fb-8024-6162e7a769e0" />
      <TestMethod codeBase="C:/Source/HDNMeetup/BinaryChop.Test/bin/Debug/BinaryChop.Test.DLL" adapterTypeName="Microsoft.VisualStudio.TestTools.TestTypes.Unit.UnitTestAdapter, Microsoft.VisualStudio.QualityTools.Tips.UnitTest.Adapter, Version=10.0.0.0, Culture=neutral, PublicKeyToken=b03f5f7f11d50a3a" className="BinaryChop.Test.BinaryChopTest, BinaryChop.Test, Version=1.0.0.0, Culture=neutral, PublicKeyToken=null" name="SingleElementArrayFoundTest" />
    </UnitTest>
  </TestDefinitions>
  <TestLists>
    <TestList name="Results Not in a List" id="8c84fa94-04c1-424b-9868-57a2d4851a1d" />
    <TestList name="All Loaded Results" id="19431567-8539-422a-85d7-44ee4e166bda" />
  </TestLists>
  <TestEntries>
    <TestEntry testId="0316ad53-79e3-8d1b-d52c-a7ec0eb05f7a" executionId="e3ed412c-562b-4c9d-aaf4-9933e12abd8e" testListId="8c84fa94-04c1-424b-9868-57a2d4851a1d" />
    <TestEntry testId="06bb51fc-58c1-91eb-8bb4-8b183b6d1fce" executionId="38836e4e-b669-46b4-b9c1-d2b5e8599872" testListId="8c84fa94-04c1-424b-9868-57a2d4851a1d" />
    <TestEntry testId="13ec70ca-0ee4-9291-bb50-cf5c55fec433" executionId="2532f023-b4be-4917-a7b4-6cbff9809797" testListId="8c84fa94-04c1-424b-9868-57a2d4851a1d" />
    <TestEntry testId="32da3871-5f01-607a-0c6d-7b7ad5ba2961" executionId="c8942d45-022b-4219-ada8-b62fd49cebf8" testListId="8c84fa94-04c1-424b-9868-57a2d4851a1d" />
    <TestEntry testId="463d26a1-d7d9-5910-dd71-a3fce743547a" executionId="af99d1aa-dda9-45f7-9f1a-bde91e44061b" testListId="8c84fa94-04c1-424b-9868-57a2d4851a1d" />
    <TestEntry testId="4848fdc1-d58d-0457-488b-be43bbc68c67" executionId="c14fe191-f575-4e61-8a12-f1199fabc823" testListId="8c84fa94-04c1-424b-9868-57a2d4851a1d" />
    <TestEntry testId="7028736f-ab32-220d-04c5-5a909c8a84bd" executionId="6f86bc8f-f302-4804-9463-fccde9b9eab0" testListId="8c84fa94-04c1-424b-9868-57a2d4851a1d" />
    <TestEntry testId="7d163b4d-4f64-d468-14d8-29b259b35546" executionId="66d010a2-a10d-41ba-8056-e0d6f077fb63" testListId="8c84fa94-04c1-424b-9868-57a2d4851a1d" />
    <TestEntry testId="82ddeb6f-8a18-f26c-4aaa-76a86ba23e63" executionId="f3dc388b-03f9-41f4-bba5-361cc8d3c86f" testListId="8c84fa94-04c1-424b-9868-57a2d4851a1d" />
    <TestEntry testId="86562dca-8bd1-8fed-7ea1-d12c151a50bb" executionId="b318bdb2-dcd8-4c07-b346-50753d21df68" testListId="8c84fa94-04c1-424b-9868-57a2d4851a1d" />
    <TestEntry testId="c86d2b9f-1352-9a5b-8d44-0177ec43cf87" executionId="a3119606-9b25-47fb-8024-6162e7a769e0" testListId="8c84fa94-04c1-424b-9868-57a2d4851a1d" />
    <TestEntry testId="f109d7fe-3fbc-460e-9222-6132df15558e" executionId="7217a687-d748-483f-875d-c2cc5715b4a6" testListId="8c84fa94-04c1-424b-9868-57a2d4851a1d" />
  </TestEntries>
  <Results>
    <UnitTestResult executionId="e3ed412c-562b-4c9d-aaf4-9933e12abd8e" testId="0316ad53-79e3-8d1b-d52c-a7ec0eb05f7a" testName="SingleElementArrayNotFoundTest" computerName="KMOORMANNHOU7" duration="00:00:00.0494895" startTime="2012-03-30T00:35:21.9420938-05:00" endTime="2012-03-30T00:35:22.1991085-05:00" testType="13cdc9d9-ddb5-4fa4-a97d-d965ccfc6d4b" outcome="Failed" testListId="8c84fa94-04c1-424b-9868-57a2d4851a1d" relativeResultsDirectory="e3ed412c-562b-4c9d-aaf4-9933e12abd8e">
      <Output>
        <ErrorInfo>
          <Message>Test method FinaryChop.Test.FinaryChopTestClass.SingleElementArrayNotFoundTest threw exception: 
System.IndexOutOfRangeException: Index was outside the bounds of the array.</Message>
          <StackTrace>    at HDNMeetup.FinaryChopper.recChop[a](a searchingFor, IEnumerable`1 searchingIn) in C:\Source\HDNMeetup\FinaryChop\Module1.fs:line 13
   at HDNMeetup.FinaryChopper.recChop[a](a searchingFor, IEnumerable`1 searchingIn) in C:\Source\HDNMeetup\FinaryChop\Module1.fs:line 16
   at HDNMeetup.FinaryChopper.Chop(Int32 searchingFor, Int32[] searchingIn) in C:\Source\HDNMeetup\FinaryChop\Module1.fs:line 25
   at FinaryChop.Test.FinaryChopTestClass.SingleElementArrayNotFoundTest() in C:\Source\HDNMeetup\FinaryChop.Test\UnitTest1.cs:line 57
</StackTrace>
        </ErrorInfo>
      </Output>
    </UnitTestResult>
    <UnitTestResult executionId="38836e4e-b669-46b4-b9c1-d2b5e8599872" testId="06bb51fc-58c1-91eb-8bb4-8b183b6d1fce" testName="SingleElementArrayNotFoundTest" computerName="KMOORMANNHOU7" duration="00:00:00.0137278" startTime="2012-03-30T00:35:22.2021086-05:00" endTime="2012-03-30T00:35:22.4191210-05:00" testType="13cdc9d9-ddb5-4fa4-a97d-d965ccfc6d4b" outcome="PassedButRunAborted" testListId="8c84fa94-04c1-424b-9868-57a2d4851a1d" relativeResultsDirectory="38836e4e-b669-46b4-b9c1-d2b5e8599872">
    </UnitTestResult>
    <UnitTestResult executionId="2532f023-b4be-4917-a7b4-6cbff9809797" testId="13ec70ca-0ee4-9291-bb50-cf5c55fec433" testName="FindsAnyElementPosition" computerName="KMOORMANNHOU7" duration="00:00:00.0029875" startTime="2012-03-30T00:35:22.4331218-05:00" endTime="2012-03-30T00:35:22.4391222-05:00" testType="13cdc9d9-ddb5-4fa4-a97d-d965ccfc6d4b" outcome="Failed" testListId="8c84fa94-04c1-424b-9868-57a2d4851a1d" relativeResultsDirectory="2532f023-b4be-4917-a7b4-6cbff9809797">
      <Output>
        <ErrorInfo>
          <Message>Assert.AreEqual failed. Expected:&lt;0&gt;. Actual:&lt;-1&gt;. </Message>
          <StackTrace>   at FinaryChop.Test.FinaryChopTestClass.FindsAnyElementPosition() in C:\Source\HDNMeetup\FinaryChop.Test\UnitTest1.cs:line 104
</StackTrace>
        </ErrorInfo>
      </Output>
    </UnitTestResult>
    <UnitTestResult executionId="c8942d45-022b-4219-ada8-b62fd49cebf8" testId="32da3871-5f01-607a-0c6d-7b7ad5ba2961" testName="FindsAnyElementPosition" computerName="KMOORMANNHOU7" duration="00:00:00.0032408" startTime="2012-03-30T00:35:22.4441225-05:00" endTime="2012-03-30T00:35:22.4581233-05:00" testType="13cdc9d9-ddb5-4fa4-a97d-d965ccfc6d4b" outcome="PassedButRunAborted" testListId="8c84fa94-04c1-424b-9868-57a2d4851a1d" relativeResultsDirectory="c8942d45-022b-4219-ada8-b62fd49cebf8">
    </UnitTestResult>
    <UnitTestResult executionId="af99d1aa-dda9-45f7-9f1a-bde91e44061b" testId="463d26a1-d7d9-5910-dd71-a3fce743547a" testName="FindsRightMostElementTest" computerName="KMOORMANNHOU7" duration="00:00:00.0002478" startTime="2012-03-30T00:35:22.4671238-05:00" endTime="2012-03-30T00:35:22.4781244-05:00" testType="13cdc9d9-ddb5-4fa4-a97d-d965ccfc6d4b" outcome="PassedButRunAborted" testListId="8c84fa94-04c1-424b-9868-57a2d4851a1d" relativeResultsDirectory="af99d1aa-dda9-45f7-9f1a-bde91e44061b">
    </UnitTestResult>
    <UnitTestResult executionId="c14fe191-f575-4e61-8a12-f1199fabc823" testId="4848fdc1-d58d-0457-488b-be43bbc68c67" testName="HandlesEmptyArrayTest" computerName="KMOORMANNHOU7" duration="00:00:00.0001833" startTime="2012-03-30T00:35:22.5231270-05:00" endTime="2012-03-30T00:35:22.5261272-05:00" testType="13cdc9d9-ddb5-4fa4-a97d-d965ccfc6d4b" outcome="PassedButRunAborted" testListId="8c84fa94-04c1-424b-9868-57a2d4851a1d" relativeResultsDirectory="c14fe191-f575-4e61-8a12-f1199fabc823">
    </UnitTestResult>
    <UnitTestResult executionId="6f86bc8f-f302-4804-9463-fccde9b9eab0" testId="7028736f-ab32-220d-04c5-5a909c8a84bd" testName="HandlesEmptyArrayTest" computerName="KMOORMANNHOU7" duration="00:00:00.0001902" startTime="2012-03-30T00:35:22.5291273-05:00" endTime="2012-03-30T00:35:22.5411280-05:00" testType="13cdc9d9-ddb5-4fa4-a97d-d965ccfc6d4b" outcome="PassedButRunAborted" testListId="8c84fa94-04c1-424b-9868-57a2d4851a1d" relativeResultsDirectory="6f86bc8f-f302-4804-9463-fccde9b9eab0">
    </UnitTestResult>
    <UnitTestResult executionId="66d010a2-a10d-41ba-8056-e0d6f077fb63" testId="7d163b4d-4f64-d468-14d8-29b259b35546" testName="FindsLeftMostElementTest" computerName="KMOORMANNHOU7" duration="00:00:00.0026652" startTime="2012-03-30T00:35:22.5431281-05:00" endTime="2012-03-30T00:35:22.5521287-05:00" testType="13cdc9d9-ddb5-4fa4-a97d-d965ccfc6d4b" outcome="PassedButRunAborted" testListId="8c84fa94-04c1-424b-9868-57a2d4851a1d" relativeResultsDirectory="66d010a2-a10d-41ba-8056-e0d6f077fb63">
    </UnitTestResult>
    <UnitTestResult executionId="f3dc388b-03f9-41f4-bba5-361cc8d3c86f" testId="82ddeb6f-8a18-f26c-4aaa-76a86ba23e63" testName="SingleElementArrayFoundTest" computerName="KMOORMANNHOU7" duration="00:00:00.0023012" startTime="2012-03-30T00:35:22.5551288-05:00" endTime="2012-03-30T00:35:22.5611292-05:00" testType="13cdc9d9-ddb5-4fa4-a97d-d965ccfc6d4b" outcome="Failed" testListId="8c84fa94-04c1-424b-9868-57a2d4851a1d" relativeResultsDirectory="f3dc388b-03f9-41f4-bba5-361cc8d3c86f">
      <Output>
        <ErrorInfo>
          <Message>Test method FinaryChop.Test.FinaryChopTestClass.SingleElementArrayFoundTest threw exception: 
System.IndexOutOfRangeException: Index was outside the bounds of the array.</Message>
          <StackTrace>    at HDNMeetup.FinaryChopper.recChop[a](a searchingFor, IEnumerable`1 searchingIn) in C:\Source\HDNMeetup\FinaryChop\Module1.fs:line 13
   at HDNMeetup.FinaryChopper.recChop[a](a searchingFor, IEnumerable`1 searchingIn) in C:\Source\HDNMeetup\FinaryChop\Module1.fs:line 16
   at HDNMeetup.FinaryChopper.Chop(Int32 searchingFor, Int32[] searchingIn) in C:\Source\HDNMeetup\FinaryChop\Module1.fs:line 25
   at FinaryChop.Test.FinaryChopTestClass.SingleElementArrayFoundTest() in C:\Source\HDNMeetup\FinaryChop.Test\UnitTest1.cs:line 41
</StackTrace>
        </ErrorInfo>
      </Output>
    </UnitTestResult>
    <UnitTestResult executionId="b318bdb2-dcd8-4c07-b346-50753d21df68" testId="86562dca-8bd1-8fed-7ea1-d12c151a50bb" testName="FindsRightMostElementTest" computerName="KMOORMANNHOU7" duration="00:00:21.1892119" startTime="2012-03-30T00:35:22.5701297-05:00" endTime="2012-03-30T00:35:43.7593416-05:00" testType="13cdc9d9-ddb5-4fa4-a97d-d965ccfc6d4b" outcome="Aborted" testListId="8c84fa94-04c1-424b-9868-57a2d4851a1d" relativeResultsDirectory="b318bdb2-dcd8-4c07-b346-50753d21df68">
      <Output>
        <ErrorInfo>
          <Message>User aborted test run.</Message>
        </ErrorInfo>
      </Output>
    </UnitTestResult>
    <UnitTestResult executionId="a3119606-9b25-47fb-8024-6162e7a769e0" testId="c86d2b9f-1352-9a5b-8d44-0177ec43cf87" testName="SingleElementArrayFoundTest" computerName="KMOORMANNHOU7" testType="13cdc9d9-ddb5-4fa4-a97d-d965ccfc6d4b" outcome="NotExecuted" testListId="8c84fa94-04c1-424b-9868-57a2d4851a1d" relativeResultsDirectory="a3119606-9b25-47fb-8024-6162e7a769e0">
    </UnitTestResult>
    <UnitTestResult executionId="7217a687-d748-483f-875d-c2cc5715b4a6" testId="f109d7fe-3fbc-460e-9222-6132df15558e" testName="FindsLeftMostElementTest" computerName="KMOORMANNHOU7" testType="13cdc9d9-ddb5-4fa4-a97d-d965ccfc6d4b" outcome="NotExecuted" testListId="8c84fa94-04c1-424b-9868-57a2d4851a1d" relativeResultsDirectory="7217a687-d748-483f-875d-c2cc5715b4a6">
    </UnitTestResult>
  </Results>
</TestRun>