<?xml version="1.0" encoding="UTF-8"?>
<TestRun id="c0113ff4-948f-446f-9717-aa0c6a12baac" name="kevin.moormann@KMOORMANNHOU7 2012-03-30 00:01:23" runUser="PARIVEDA\kevin.moormann" xmlns="http://microsoft.com/schemas/VisualStudio/TeamTest/2010">
  <TestSettings name="Local" id="0cbdb401-3a29-44c0-80d9-02507ba272b6">
    <Description>These are default test settings for a local test run.</Description>
    <Deployment enabled="false" runDeploymentRoot="kevin.moormann_KMOORMANNHOU7 2012-03-30 00_01_23">
      <DeploymentItem filename="C:\Source\HDNMeetup\FinaryChop\bin\Debug\FinaryChop.dll" />
    </Deployment>
    <Execution>
      <TestTypeSpecific />
      <AgentRule name="Execution Agents">
      </AgentRule>
    </Execution>
  </TestSettings>
  <Times creation="2012-03-30T00:01:23.1664825-05:00" queuing="2012-03-30T00:01:23.2174854-05:00" start="2012-03-30T00:01:23.2224857-05:00" finish="2012-03-30T00:01:23.5235029-05:00" />
  <ResultSummary outcome="Completed">
    <Counters total="1" executed="1" passed="1" error="0" failed="0" timeout="0" aborted="0" inconclusive="0" passedButRunAborted="0" notRunnable="0" notExecuted="0" disconnected="0" warning="0" completed="0" inProgress="0" pending="0" />
  </ResultSummary>
  <TestDefinitions>
    <UnitTest name="SingleElementArrayNotFoundTest" storage="c:\source\hdnmeetup\finarychop.test\bin\debug\finarychop.test.dll" id="0316ad53-79e3-8d1b-d52c-a7ec0eb05f7a">
      <Execution id="2b24481f-e9b6-449f-9a09-cadce1ef07dd" />
      <TestMethod codeBase="C:/Source/HDNMeetup/FinaryChop.Test/bin/Debug/FinaryChop.Test.DLL" adapterTypeName="Microsoft.VisualStudio.TestTools.TestTypes.Unit.UnitTestAdapter, Microsoft.VisualStudio.QualityTools.Tips.UnitTest.Adapter, Version=10.0.0.0, Culture=neutral, PublicKeyToken=b03f5f7f11d50a3a" className="FinaryChop.Test.FinaryChopTestClass, FinaryChop.Test, Version=1.0.0.0, Culture=neutral, PublicKeyToken=null" name="SingleElementArrayNotFoundTest" />
    </UnitTest>
  </TestDefinitions>
  <TestLists>
    <TestList name="Results Not in a List" id="8c84fa94-04c1-424b-9868-57a2d4851a1d" />
    <TestList name="All Loaded Results" id="19431567-8539-422a-85d7-44ee4e166bda" />
  </TestLists>
  <TestEntries>
    <TestEntry testId="0316ad53-79e3-8d1b-d52c-a7ec0eb05f7a" executionId="2b24481f-e9b6-449f-9a09-cadce1ef07dd" testListId="8c84fa94-04c1-424b-9868-57a2d4851a1d" />
  </TestEntries>
  <Results>
    <UnitTestResult executionId="2b24481f-e9b6-449f-9a09-cadce1ef07dd" testId="0316ad53-79e3-8d1b-d52c-a7ec0eb05f7a" testName="SingleElementArrayNotFoundTest" computerName="KMOORMANNHOU7" duration="00:00:00.0159894" startTime="2012-03-30T00:01:23.2434869-05:00" endTime="2012-03-30T00:01:23.4524988-05:00" testType="13cdc9d9-ddb5-4fa4-a97d-d965ccfc6d4b" outcome="Passed" testListId="8c84fa94-04c1-424b-9868-57a2d4851a1d" relativeResultsDirectory="2b24481f-e9b6-449f-9a09-cadce1ef07dd">
    </UnitTestResult>
  </Results>
</TestRun>