<?xml version="1.0" encoding="UTF-8"?>
<TestRun id="2aebe820-3af7-4ae1-b977-ff0959af4d51" name="kevin.moormann@KMOORMANNHOU7 2012-03-30 00:01:45" runUser="PARIVEDA\kevin.moormann" xmlns="http://microsoft.com/schemas/VisualStudio/TeamTest/2010">
  <TestSettings name="Local" id="0cbdb401-3a29-44c0-80d9-02507ba272b6">
    <Description>These are default test settings for a local test run.</Description>
    <Deployment enabled="false" runDeploymentRoot="kevin.moormann_KMOORMANNHOU7 2012-03-30 00_01_45">
      <DeploymentItem filename="C:\Source\HDNMeetup\FinaryChop\bin\Debug\FinaryChop.dll" />
    </Deployment>
    <Execution>
      <TestTypeSpecific />
      <AgentRule name="Execution Agents">
      </AgentRule>
    </Execution>
  </TestSettings>
  <Times creation="2012-03-30T00:01:45.6347676-05:00" queuing="2012-03-30T00:01:45.6897707-05:00" start="2012-03-30T00:01:45.6957711-05:00" finish="2012-03-30T00:01:45.9597862-05:00" />
  <ResultSummary outcome="Failed">
    <Counters total="1" executed="1" error="0" failed="1" timeout="0" aborted="0" inconclusive="0" passedButRunAborted="0" notRunnable="0" notExecuted="0" disconnected="0" warning="0" passed="0" completed="0" inProgress="0" pending="0" />
  </ResultSummary>
  <TestDefinitions>
    <UnitTest name="FindsRightMostElementTest" storage="c:\source\hdnmeetup\finarychop.test\bin\debug\finarychop.test.dll" id="86562dca-8bd1-8fed-7ea1-d12c151a50bb">
      <Execution id="0c6613cc-547d-4606-b8e4-817d0e40ca4f" />
      <TestMethod codeBase="C:/Source/HDNMeetup/FinaryChop.Test/bin/Debug/FinaryChop.Test.DLL" adapterTypeName="Microsoft.VisualStudio.TestTools.TestTypes.Unit.UnitTestAdapter, Microsoft.VisualStudio.QualityTools.Tips.UnitTest.Adapter, Version=10.0.0.0, Culture=neutral, PublicKeyToken=b03f5f7f11d50a3a" className="FinaryChop.Test.FinaryChopTestClass, FinaryChop.Test, Version=1.0.0.0, Culture=neutral, PublicKeyToken=null" name="FindsRightMostElementTest" />
    </UnitTest>
  </TestDefinitions>
  <TestLists>
    <TestList name="Results Not in a List" id="8c84fa94-04c1-424b-9868-57a2d4851a1d" />
    <TestList name="All Loaded Results" id="19431567-8539-422a-85d7-44ee4e166bda" />
  </TestLists>
  <TestEntries>
    <TestEntry testId="86562dca-8bd1-8fed-7ea1-d12c151a50bb" executionId="0c6613cc-547d-4606-b8e4-817d0e40ca4f" testListId="8c84fa94-04c1-424b-9868-57a2d4851a1d" />
  </TestEntries>
  <Results>
    <UnitTestResult executionId="0c6613cc-547d-4606-b8e4-817d0e40ca4f" testId="86562dca-8bd1-8fed-7ea1-d12c151a50bb" testName="FindsRightMostElementTest" computerName="KMOORMANNHOU7" duration="00:00:00.0311189" startTime="2012-03-30T00:01:45.7207725-05:00" endTime="2012-03-30T00:01:45.9427852-05:00" testType="13cdc9d9-ddb5-4fa4-a97d-d965ccfc6d4b" outcome="Failed" testListId="8c84fa94-04c1-424b-9868-57a2d4851a1d" relativeResultsDirectory="0c6613cc-547d-4606-b8e4-817d0e40ca4f">
      <Output>
        <ErrorInfo>
          <Message>Assert.AreEqual failed. Expected:&lt;4&gt;. Actual:&lt;0&gt;. </Message>
          <StackTrace>   at FinaryChop.Test.FinaryChopTestClass.FindsRightMostElementTest() in C:\Source\HDNMeetup\FinaryChop.Test\UnitTest1.cs:line 90
</StackTrace>
        </ErrorInfo>
      </Output>
    </UnitTestResult>
  </Results>
</TestRun>