<?xml version="1.0" encoding="UTF-8"?>
<TestRun id="f5273754-bd40-46c0-83ff-eed3fd4cf08a" name="kevin.moormann@KMOORMANNHOU7 2012-03-29 23:01:18" runUser="PARIVEDA\kevin.moormann" xmlns="http://microsoft.com/schemas/VisualStudio/TeamTest/2010">
  <TestSettings name="Local" id="0cbdb401-3a29-44c0-80d9-02507ba272b6">
    <Description>These are default test settings for a local test run.</Description>
    <Deployment enabled="false" runDeploymentRoot="kevin.moormann_KMOORMANNHOU7 2012-03-29 23_01_18">
      <DeploymentItem filename="C:\Source\HDNMeetup\HDNMeetup\bin\Debug\HDNMeetup.dll" />
    </Deployment>
    <Execution>
      <TestTypeSpecific />
      <AgentRule name="Execution Agents">
      </AgentRule>
    </Execution>
  </TestSettings>
  <Times creation="2012-03-29T23:01:18.9693342-05:00" queuing="2012-03-29T23:01:19.2303491-05:00" start="2012-03-29T23:01:19.2673512-05:00" finish="2012-03-29T23:01:19.6953757-05:00" />
  <ResultSummary outcome="Failed">
    <Counters total="5" executed="5" passed="4" error="0" failed="1" timeout="0" aborted="0" inconclusive="0" passedButRunAborted="0" notRunnable="0" notExecuted="0" disconnected="0" warning="0" completed="0" inProgress="0" pending="0" />
  </ResultSummary>
  <TestDefinitions>
    <UnitTest name="FindsRightMostElementTest" storage="c:\source\hdnmeetup\binarychop.test\bin\debug\binarychop.test.dll" id="463d26a1-d7d9-5910-dd71-a3fce743547a">
      <Execution id="50df1cbf-8fa0-4dce-a888-eb62181595d9" />
      <TestMethod codeBase="C:/Source/HDNMeetup/BinaryChop.Test/bin/Debug/BinaryChop.Test.DLL" adapterTypeName="Microsoft.VisualStudio.TestTools.TestTypes.Unit.UnitTestAdapter, Microsoft.VisualStudio.QualityTools.Tips.UnitTest.Adapter, Version=10.0.0.0, Culture=neutral, PublicKeyToken=b03f5f7f11d50a3a" className="BinaryChop.Test.BinaryChopTest, BinaryChop.Test, Version=1.0.0.0, Culture=neutral, PublicKeyToken=null" name="FindsRightMostElementTest" />
    </UnitTest>
    <UnitTest name="SingleElementArrayNotFoundTest" storage="c:\source\hdnmeetup\binarychop.test\bin\debug\binarychop.test.dll" id="06bb51fc-58c1-91eb-8bb4-8b183b6d1fce">
      <Execution id="8f100406-832b-45e9-a797-a23323272ebc" />
      <TestMethod codeBase="C:/Source/HDNMeetup/BinaryChop.Test/bin/Debug/BinaryChop.Test.DLL" adapterTypeName="Microsoft.VisualStudio.TestTools.TestTypes.Unit.UnitTestAdapter, Microsoft.VisualStudio.QualityTools.Tips.UnitTest.Adapter, Version=10.0.0.0, Culture=neutral, PublicKeyToken=b03f5f7f11d50a3a" className="BinaryChop.Test.BinaryChopTest, BinaryChop.Test, Version=1.0.0.0, Culture=neutral, PublicKeyToken=null" name="SingleElementArrayNotFoundTest" />
    </UnitTest>
    <UnitTest name="HandlesEmptyArrayTest" storage="c:\source\hdnmeetup\binarychop.test\bin\debug\binarychop.test.dll" id="7028736f-ab32-220d-04c5-5a909c8a84bd">
      <Execution id="f0a18014-9a7d-4bdf-b864-1affe5685172" />
      <TestMethod codeBase="C:/Source/HDNMeetup/BinaryChop.Test/bin/Debug/BinaryChop.Test.DLL" adapterTypeName="Microsoft.VisualStudio.TestTools.TestTypes.Unit.UnitTestAdapter, Microsoft.VisualStudio.QualityTools.Tips.UnitTest.Adapter, Version=10.0.0.0, Culture=neutral, PublicKeyToken=b03f5f7f11d50a3a" className="BinaryChop.Test.BinaryChopTest, BinaryChop.Test, Version=1.0.0.0, Culture=neutral, PublicKeyToken=null" name="HandlesEmptyArrayTest" />
    </UnitTest>
    <UnitTest name="SingleElementArrayFoundTest" storage="c:\source\hdnmeetup\binarychop.test\bin\debug\binarychop.test.dll" id="c86d2b9f-1352-9a5b-8d44-0177ec43cf87">
      <Execution id="ad30ca03-17a3-4bbb-b916-7e37d1e02511" />
      <TestMethod codeBase="C:/Source/HDNMeetup/BinaryChop.Test/bin/Debug/BinaryChop.Test.DLL" adapterTypeName="Microsoft.VisualStudio.TestTools.TestTypes.Unit.UnitTestAdapter, Microsoft.VisualStudio.QualityTools.Tips.UnitTest.Adapter, Version=10.0.0.0, Culture=neutral, PublicKeyToken=b03f5f7f11d50a3a" className="BinaryChop.Test.BinaryChopTest, BinaryChop.Test, Version=1.0.0.0, Culture=neutral, PublicKeyToken=null" name="SingleElementArrayFoundTest" />
    </UnitTest>
    <UnitTest name="FindsLeftMostElementTest" storage="c:\source\hdnmeetup\binarychop.test\bin\debug\binarychop.test.dll" id="7d163b4d-4f64-d468-14d8-29b259b35546">
      <Execution id="c0d7b4df-8d08-4d8c-9568-2232e59fbc55" />
      <TestMethod codeBase="C:/Source/HDNMeetup/BinaryChop.Test/bin/Debug/BinaryChop.Test.DLL" adapterTypeName="Microsoft.VisualStudio.TestTools.TestTypes.Unit.UnitTestAdapter, Microsoft.VisualStudio.QualityTools.Tips.UnitTest.Adapter, Version=10.0.0.0, Culture=neutral, PublicKeyToken=b03f5f7f11d50a3a" className="BinaryChop.Test.BinaryChopTest, BinaryChop.Test, Version=1.0.0.0, Culture=neutral, PublicKeyToken=null" name="FindsLeftMostElementTest" />
    </UnitTest>
  </TestDefinitions>
  <TestLists>
    <TestList name="Results Not in a List" id="8c84fa94-04c1-424b-9868-57a2d4851a1d" />
    <TestList name="All Loaded Results" id="19431567-8539-422a-85d7-44ee4e166bda" />
  </TestLists>
  <TestEntries>
    <TestEntry testId="06bb51fc-58c1-91eb-8bb4-8b183b6d1fce" executionId="8f100406-832b-45e9-a797-a23323272ebc" testListId="8c84fa94-04c1-424b-9868-57a2d4851a1d" />
    <TestEntry testId="463d26a1-d7d9-5910-dd71-a3fce743547a" executionId="50df1cbf-8fa0-4dce-a888-eb62181595d9" testListId="8c84fa94-04c1-424b-9868-57a2d4851a1d" />
    <TestEntry testId="7028736f-ab32-220d-04c5-5a909c8a84bd" executionId="f0a18014-9a7d-4bdf-b864-1affe5685172" testListId="8c84fa94-04c1-424b-9868-57a2d4851a1d" />
    <TestEntry testId="7d163b4d-4f64-d468-14d8-29b259b35546" executionId="c0d7b4df-8d08-4d8c-9568-2232e59fbc55" testListId="8c84fa94-04c1-424b-9868-57a2d4851a1d" />
    <TestEntry testId="c86d2b9f-1352-9a5b-8d44-0177ec43cf87" executionId="ad30ca03-17a3-4bbb-b916-7e37d1e02511" testListId="8c84fa94-04c1-424b-9868-57a2d4851a1d" />
  </TestEntries>
  <Results>
    <UnitTestResult executionId="8f100406-832b-45e9-a797-a23323272ebc" testId="06bb51fc-58c1-91eb-8bb4-8b183b6d1fce" testName="SingleElementArrayNotFoundTest" computerName="KMOORMANNHOU7" duration="00:00:00.0143400" startTime="2012-03-29T23:01:19.3193542-05:00" endTime="2012-03-29T23:01:19.6133710-05:00" testType="13cdc9d9-ddb5-4fa4-a97d-d965ccfc6d4b" outcome="Passed" testListId="8c84fa94-04c1-424b-9868-57a2d4851a1d" relativeResultsDirectory="8f100406-832b-45e9-a797-a23323272ebc">
    </UnitTestResult>
    <UnitTestResult executionId="50df1cbf-8fa0-4dce-a888-eb62181595d9" testId="463d26a1-d7d9-5910-dd71-a3fce743547a" testName="FindsRightMostElementTest" computerName="KMOORMANNHOU7" duration="00:00:00.0309242" startTime="2012-03-29T23:01:19.6173712-05:00" endTime="2012-03-29T23:01:19.6503731-05:00" testType="13cdc9d9-ddb5-4fa4-a97d-d965ccfc6d4b" outcome="Failed" testListId="8c84fa94-04c1-424b-9868-57a2d4851a1d" relativeResultsDirectory="50df1cbf-8fa0-4dce-a888-eb62181595d9">
      <Output>
        <ErrorInfo>
          <Message>Test method BinaryChop.Test.BinaryChopTest.FindsRightMostElementTest threw exception: 
System.ArgumentException: Offset and length were out of bounds for the array or count is greater than the number of elements from index to the end of the source collection.</Message>
          <StackTrace>    at System.ThrowHelper.ThrowArgumentException(ExceptionResource resource)
   at System.Collections.Generic.List`1.GetRange(Int32 index, Int32 count)
   at HDNMeetup.BinaryChopper.Chop(Int32 searchingFor, Int32[] searchArray) in C:\Source\HDNMeetup\HDNMeetup\BinaryChopper.cs:line 30
   at BinaryChop.Test.BinaryChopTest.FindsRightMostElementTest() in C:\Source\HDNMeetup\BinaryChop.Test\BinaryChopTest.cs:line 85
</StackTrace>
        </ErrorInfo>
      </Output>
    </UnitTestResult>
    <UnitTestResult executionId="f0a18014-9a7d-4bdf-b864-1affe5685172" testId="7028736f-ab32-220d-04c5-5a909c8a84bd" testName="HandlesEmptyArrayTest" computerName="KMOORMANNHOU7" duration="00:00:00.0009601" startTime="2012-03-29T23:01:19.6573735-05:00" endTime="2012-03-29T23:01:19.6613738-05:00" testType="13cdc9d9-ddb5-4fa4-a97d-d965ccfc6d4b" outcome="Passed" testListId="8c84fa94-04c1-424b-9868-57a2d4851a1d" relativeResultsDirectory="f0a18014-9a7d-4bdf-b864-1affe5685172">
    </UnitTestResult>
    <UnitTestResult executionId="c0d7b4df-8d08-4d8c-9568-2232e59fbc55" testId="7d163b4d-4f64-d468-14d8-29b259b35546" testName="FindsLeftMostElementTest" computerName="KMOORMANNHOU7" duration="00:00:00.0002005" startTime="2012-03-29T23:01:19.6633739-05:00" endTime="2012-03-29T23:01:19.6663741-05:00" testType="13cdc9d9-ddb5-4fa4-a97d-d965ccfc6d4b" outcome="Passed" testListId="8c84fa94-04c1-424b-9868-57a2d4851a1d" relativeResultsDirectory="c0d7b4df-8d08-4d8c-9568-2232e59fbc55">
    </UnitTestResult>
    <UnitTestResult executionId="ad30ca03-17a3-4bbb-b916-7e37d1e02511" testId="c86d2b9f-1352-9a5b-8d44-0177ec43cf87" testName="SingleElementArrayFoundTest" computerName="KMOORMANNHOU7" duration="00:00:00.0001796" startTime="2012-03-29T23:01:19.6683742-05:00" endTime="2012-03-29T23:01:19.6713743-05:00" testType="13cdc9d9-ddb5-4fa4-a97d-d965ccfc6d4b" outcome="Passed" testListId="8c84fa94-04c1-424b-9868-57a2d4851a1d" relativeResultsDirectory="ad30ca03-17a3-4bbb-b916-7e37d1e02511">
    </UnitTestResult>
  </Results>
</TestRun>